
  .   ____          _            __ _ _
 /\\ / ___'_ __ _ _(_)_ __  __ _ \ \ \ \
( ( )\___ | '_ | '_| | '_ \/ _` | \ \ \ \
 \\/  ___)| |_)| | | | | || (_| |  ) ) ) )
  '  |____| .__|_| |_|_| |_\__, | / / / /
 =========|_|==============|___/=/_/_/_/
 :: Spring Boot ::                (v3.2.0)

2025-11-24T16:31:15.427-03:00  INFO 13876 --- [           main] br.com.bank.BytebankApplication          : Starting BytebankApplication v1.0-SNAPSHOT using Java 23.0.2 with PID 13876 (C:\Users\bea47\Documents\ProjetosFacul\Projeto_Integracao_com_Banco\target\bank-1.0-SNAPSHOT.jar started by bea47 in C:\Users\bea47\Documents\ProjetosFacul\Projeto_Integracao_com_Banco)
2025-11-24T16:31:15.430-03:00  INFO 13876 --- [           main] br.com.bank.BytebankApplication          : No active profile set, falling back to 1 default profile: "default"
2025-11-24T16:31:16.108-03:00  INFO 13876 --- [           main] .s.d.r.c.RepositoryConfigurationDelegate : Bootstrapping Spring Data JPA repositories in DEFAULT mode.
2025-11-24T16:31:16.163-03:00  INFO 13876 --- [           main] .s.d.r.c.RepositoryConfigurationDelegate : Finished Spring Data repository scanning in 41 ms. Found 2 JPA repository interfaces.
2025-11-24T16:31:16.609-03:00  INFO 13876 --- [           main] o.s.b.w.embedded.tomcat.TomcatWebServer  : Tomcat initialized with port 8080 (http)
2025-11-24T16:31:16.626-03:00  INFO 13876 --- [           main] o.apache.catalina.core.StandardService   : Starting service [Tomcat]
2025-11-24T16:31:16.627-03:00  INFO 13876 --- [           main] o.apache.catalina.core.StandardEngine    : Starting Servlet engine: [Apache Tomcat/10.1.16]
2025-11-24T16:31:16.667-03:00  INFO 13876 --- [           main] o.a.c.c.C.[Tomcat].[localhost].[/]       : Initializing Spring embedded WebApplicationContext
2025-11-24T16:31:16.668-03:00  INFO 13876 --- [           main] w.s.c.ServletWebServerApplicationContext : Root WebApplicationContext: initialization completed in 1161 ms
2025-11-24T16:31:16.696-03:00  INFO 13876 --- [           main] com.zaxxer.hikari.HikariDataSource       : HikariPool-1 - Starting...
2025-11-24T16:31:16.903-03:00  INFO 13876 --- [           main] com.zaxxer.hikari.pool.HikariPool        : HikariPool-1 - Added connection conn0: url=jdbc:h2:mem:bytebank user=ROOT
2025-11-24T16:31:16.912-03:00  INFO 13876 --- [           main] com.zaxxer.hikari.HikariDataSource       : HikariPool-1 - Start completed.
2025-11-24T16:31:16.925-03:00  INFO 13876 --- [           main] o.s.b.a.h2.H2ConsoleAutoConfiguration    : H2 console available at '/h2-console'. Database available at 'jdbc:h2:mem:bytebank'
2025-11-24T16:31:17.040-03:00  INFO 13876 --- [           main] o.hibernate.jpa.internal.util.LogHelper  : HHH000204: Processing PersistenceUnitInfo [name: default]
2025-11-24T16:31:17.096-03:00  INFO 13876 --- [           main] org.hibernate.Version                    : HHH000412: Hibernate ORM core version 6.3.1.Final
2025-11-24T16:31:17.127-03:00  INFO 13876 --- [           main] o.h.c.internal.RegionFactoryInitiator    : HHH000026: Second-level cache disabled
2025-11-24T16:31:17.341-03:00  INFO 13876 --- [           main] o.s.o.j.p.SpringPersistenceUnitInfo      : No LoadTimeWeaver setup: ignoring JPA class transformer
2025-11-24T16:31:17.929-03:00  INFO 13876 --- [           main] o.h.m.i.EntityInstantiatorPojoStandard   : HHH000182: No default (no-argument) constructor for class: br.com.bank.domain.cliente.Cliente (class must be instantiated by Interceptor)
2025-11-24T16:31:18.058-03:00  INFO 13876 --- [           main] o.h.e.t.j.p.i.JtaPlatformInitiator       : HHH000489: No JTA platform available (set 'hibernate.transaction.jta.platform' to enable JTA platform integration)
Hibernate: create table cliente (id bigint generated by default as identity, cpf varchar(11) not null, email varchar(255) not null, nome varchar(255) not null, primary key (id))
Hibernate: create table conta (numero integer not null, esta_ativa boolean not null, saldo numeric(19,2) not null, cliente_id bigint not null, primary key (numero))
Hibernate: create table historico_transacao (id bigint generated by default as identity, data_hora timestamp(6) not null, descricao varchar(500), numero_conta integer not null, saldo_anterior numeric(19,2), saldo_novo numeric(19,2), tipo_operacao varchar(255) not null, valor numeric(19,2) not null, primary key (id))
Hibernate: alter table if exists cliente drop constraint if exists UK_r1u8010d60num5vc8fp0q1j2a
Hibernate: alter table if exists cliente add constraint UK_r1u8010d60num5vc8fp0q1j2a unique (cpf)
Hibernate: alter table if exists conta add constraint FKfksaesgpmec0cph81iq5or1wn foreign key (cliente_id) references cliente
2025-11-24T16:31:18.113-03:00  INFO 13876 --- [           main] j.LocalContainerEntityManagerFactoryBean : Initialized JPA EntityManagerFactory for persistence unit 'default'
2025-11-24T16:31:18.487-03:00  WARN 13876 --- [           main] JpaBaseConfiguration$JpaWebConfiguration : spring.jpa.open-in-view is enabled by default. Therefore, database queries may be performed during view rendering. Explicitly configure spring.jpa.open-in-view to disable this warning
2025-11-24T16:31:18.513-03:00  INFO 13876 --- [           main] o.s.b.a.w.s.WelcomePageHandlerMapping    : Adding welcome page: class path resource [static/index.html]
2025-11-24T16:31:18.772-03:00  INFO 13876 --- [           main] o.s.b.w.embedded.tomcat.TomcatWebServer  : Tomcat started on port 8080 (http) with context path ''
2025-11-24T16:31:18.785-03:00  INFO 13876 --- [           main] br.com.bank.BytebankApplication          : Started BytebankApplication in 3.987 seconds (process running for 4.485)

=== ByteBank API está rodando! ===
Acesse: http://localhost:8080/api/contas
=====================================

2025-11-24T16:31:29.269-03:00  INFO 13876 --- [nio-8080-exec-1] o.a.c.c.C.[Tomcat].[localhost].[/]       : Initializing Spring DispatcherServlet 'dispatcherServlet'
2025-11-24T16:31:29.276-03:00  INFO 13876 --- [nio-8080-exec-1] o.s.web.servlet.DispatcherServlet        : Initializing Servlet 'dispatcherServlet'
2025-11-24T16:31:29.277-03:00  INFO 13876 --- [nio-8080-exec-1] o.s.web.servlet.DispatcherServlet        : Completed initialization in 0 ms
Hibernate: select c1_0.numero,c1_0.esta_ativa,c1_0.saldo,c1_0.cliente_id from conta c1_0 where c1_0.esta_ativa
Hibernate: select c1_0.numero,c1_0.esta_ativa,c1_0.saldo,c1_0.cliente_id from conta c1_0 where c1_0.esta_ativa
Hibernate: select c1_0.numero,c1_0.esta_ativa,c1_0.saldo,c1_0.cliente_id from conta c1_0 where c1_0.esta_ativa
Hibernate: select c1_0.numero from conta c1_0 where c1_0.numero=? fetch first ? rows only
Hibernate: select c1_0.numero,c1_0.esta_ativa,c1_0.saldo,c1_0.cliente_id,t1_0.id,t1_0.cpf,t1_0.email,t1_0.nome from conta c1_0 join cliente t1_0 on t1_0.id=c1_0.cliente_id where c1_0.numero=?
Hibernate: select c1_0.numero,c1_0.esta_ativa,c1_0.saldo,c1_0.cliente_id from conta c1_0 where c1_0.esta_ativa
Hibernate: select c1_0.numero,c1_0.esta_ativa,c1_0.saldo,c1_0.cliente_id from conta c1_0 where c1_0.esta_ativa
Hibernate: select c1_0.numero,c1_0.esta_ativa,c1_0.saldo,c1_0.cliente_id from conta c1_0 where c1_0.esta_ativa
Hibernate: select c1_0.numero,c1_0.esta_ativa,c1_0.saldo,c1_0.cliente_id from conta c1_0 where c1_0.esta_ativa
Hibernate: select c1_0.numero,c1_0.esta_ativa,c1_0.saldo,c1_0.cliente_id from conta c1_0 where c1_0.esta_ativa
Hibernate: select c1_0.numero,c1_0.esta_ativa,c1_0.saldo,c1_0.cliente_id from conta c1_0 where c1_0.esta_ativa
Hibernate: select c1_0.numero,c1_0.esta_ativa,c1_0.saldo,c1_0.cliente_id from conta c1_0 where c1_0.esta_ativa
